MODEL.01
Model after   100 iterations
ISOTROPIC
KGS
FLAT EARTH
1-D
CONSTANT VELOCITY
LINE08
LINE09
LINE10
LINE11
      H(KM)   VP(KM/S)   VS(KM/S) RHO(GM/CC)     QP         QS       ETAP       ETAS      FREFP      FREFS    
     0.0010     3.6550     1.8000     2.2579  0.100E-02  0.679E-02   0.00       0.00       1.00       1.00    
     0.0020     3.6750     1.8000     2.2615  0.100E-02  0.679E-02   0.00       0.00       1.00       1.00    
     0.0030     3.6950     1.8000     2.2651  0.100E-02  0.679E-02   0.00       0.00       1.00       1.00    
     0.0040     3.7150     1.8000     2.2687  0.100E-02  0.679E-02   0.00       0.00       1.00       1.00    
     0.0050     3.7350     1.8000     2.2723  0.100E-02  0.679E-02   0.00       0.00       1.00       1.00    
     0.0060     3.7550     1.8000     2.2759  0.100E-02  0.679E-02   0.00       0.00       1.00       1.00    
     0.0070     3.7750     1.7900     2.2795  0.100E-02  0.784E-02   0.00       0.00       1.00       1.00    
     0.0080     3.7950     1.7900     2.2831  0.100E-02  0.784E-02   0.00       0.00       1.00       1.00    
     0.0090     3.7800     1.7900     2.2804  0.100E-02  0.784E-02   0.00       0.00       1.00       1.00    
     0.0100     3.7650     1.7900     2.2777  0.100E-02  0.784E-02   0.00       0.00       1.00       1.00    
     0.0120     3.7500     1.7900     2.2750  0.100E-02  0.784E-02   0.00       0.00       1.00       1.00    
     0.0140     3.7350     1.7900     2.2723  0.100E-02  0.784E-02   0.00       0.00       1.00       1.00    
     0.0160     3.7200     1.7900     2.2696  0.100E-02  0.784E-02   0.00       0.00       1.00       1.00    
     0.0180     3.7050     1.7900     2.2669  0.100E-02  0.784E-02   0.00       0.00       1.00       1.00    
     0.0200     3.6900     1.7900     2.2642  0.100E-02  0.784E-02   0.00       0.00       1.00       1.00    
     0.0220     3.6750     1.7900     2.2615  0.100E-02  0.784E-02   0.00       0.00       1.00       1.00    
     0.0240     3.6600     1.7700     2.2588  0.200E-02  0.476E-02   0.00       0.00       1.00       1.00    
     0.0260     3.6450     1.7700     2.2561  0.200E-02  0.476E-02   0.00       0.00       1.00       1.00    
     0.0280     3.6300     1.7700     2.2534  0.200E-02  0.476E-02   0.00       0.00       1.00       1.00    
     0.0300     3.6150     1.7700     2.2507  0.200E-02  0.476E-02   0.00       0.00       1.00       1.00    
     0.0330     3.6000     1.7700     2.2480  0.200E-02  0.476E-02   0.00       0.00       1.00       1.00    
     0.0360     3.5850     1.7700     2.2453  0.200E-02  0.476E-02   0.00       0.00       1.00       1.00    
     0.0390     3.5700     1.7700     2.2426  0.200E-02  0.476E-02   0.00       0.00       1.00       1.00    
     0.0420     3.5550     1.7700     2.2399  0.200E-02  0.476E-02   0.00       0.00       1.00       1.00    
     0.0450     3.5450     1.7700     2.2381  0.200E-02  0.476E-02   0.00       0.00       1.00       1.00    
     0.0480     3.5350     1.7400     2.2363  0.200E-02  0.249E-02   0.00       0.00       1.00       1.00    
     0.0510     3.5250     1.7400     2.2345  0.200E-02  0.249E-02   0.00       0.00       1.00       1.00    
     0.0540     3.5150     1.7400     2.2327  0.200E-02  0.249E-02   0.00       0.00       1.00       1.00    
     0.0570     3.5050     1.7400     2.2309  0.200E-02  0.249E-02   0.00       0.00       1.00       1.00    
     0.0600     3.4950     1.7400     2.2292  0.200E-02  0.249E-02   0.00       0.00       1.00       1.00    
     0.0640     3.4850     1.7400     2.2276  0.200E-02  0.249E-02   0.00       0.00       1.00       1.00    
     0.0680     3.4750     1.7400     2.2260  0.200E-02  0.249E-02   0.00       0.00       1.00       1.00    
     0.0720     3.4650     1.7400     2.2244  0.200E-02  0.249E-02   0.00       0.00       1.00       1.00    
     0.0760     3.4550     1.7400     2.2228  0.200E-02  0.249E-02   0.00       0.00       1.00       1.00    
     0.0800     3.4450     1.7000     2.2212  0.200E-02  0.370E-02   0.00       0.00       1.00       1.00    
     0.0840     3.4400     1.7000     2.2204  0.200E-02  0.370E-02   0.00       0.00       1.00       1.00    
     0.0880     3.4350     1.7000     2.2196  0.200E-02  0.370E-02   0.00       0.00       1.00       1.00    
     0.0920     3.4300     1.7000     2.2188  0.200E-02  0.370E-02   0.00       0.00       1.00       1.00    
     0.0960     3.4250     1.7000     2.2180  0.200E-02  0.370E-02   0.00       0.00       1.00       1.00    
     0.1000     3.4200     1.7000     2.2172  0.200E-02  0.370E-02   0.00       0.00       1.00       1.00    
     0.1050     3.4150     1.7000     2.2164  0.200E-02  0.370E-02   0.00       0.00       1.00       1.00    
     0.1100     3.4100     1.7000     2.2156  0.200E-02  0.370E-02   0.00       0.00       1.00       1.00    
     0.1150     3.4050     1.7000     2.2148  0.200E-02  0.370E-02   0.00       0.00       1.00       1.00    
     0.1200     3.4000     1.6500     2.2140  0.250E-02  0.200E-02   0.00       0.00       1.00       1.00    
     0.1250     4.4650     1.6500     2.3851  0.250E-02  0.200E-02   0.00       0.00       1.00       1.00    
     0.1300     4.4700     1.6500     2.3858  0.250E-02  0.200E-02   0.00       0.00       1.00       1.00    
     0.1350     4.4750     1.6500     2.3865  0.250E-02  0.200E-02   0.00       0.00       1.00       1.00    
     0.1400     4.4800     1.6500     2.3872  0.250E-02  0.200E-02   0.00       0.00       1.00       1.00    
     0.1450     4.4850     1.6500     2.3879  0.250E-02  0.200E-02   0.00       0.00       1.00       1.00    
     0.1500     4.4900     1.6500     2.3886  0.250E-02  0.200E-02   0.00       0.00       1.00       1.00    
     0.1550     4.4950     1.6500     2.3893  0.250E-02  0.200E-02   0.00       0.00       1.00       1.00    
     0.1600     4.5000     2.5000     2.3900  0.100E-10  0.200E-10   0.00       0.00       1.00       1.00    
     0.1660     4.5000     2.5000     2.3900  0.100E-10  0.200E-10   0.00       0.00       1.00       1.00    
     0.1720     4.5000     2.5000     2.3900  0.100E-10  0.200E-10   0.00       0.00       1.00       1.00    
     0.1780     4.5000     2.5000     2.3900  0.100E-10  0.200E-10   0.00       0.00       1.00       1.00    
     0.1840     4.5000     2.5000     2.3900  0.100E-10  0.200E-10   0.00       0.00       1.00       1.00    
     0.1900     4.5000     2.5000     2.3900  0.100E-10  0.200E-10   0.00       0.00       1.00       1.00    
     0.2000     4.5000     2.5000     2.3900  0.100E-10  0.200E-10   0.00       0.00       1.00       1.00    
     0.2100     4.5000     2.5000     2.3900  0.100E-10  0.200E-10   0.00       0.00       1.00       1.00    
     0.2200     4.5000     2.5000     2.3900  0.100E-10  0.200E-10   0.00       0.00       1.00       1.00    
     0.2300     4.5000     2.5000     2.3900  0.100E-10  0.200E-10   0.00       0.00       1.00       1.00    
     0.2400     4.5000     2.5000     2.3900  0.100E-10  0.200E-10   0.00       0.00       1.00       1.00    
     0.2500     4.5000     2.5000     2.3900  0.100E-10  0.200E-10   0.00       0.00       1.00       1.00    
     0.2600     4.5000     2.5000     2.3900  0.100E-10  0.200E-10   0.00       0.00       1.00       1.00    
     0.2700     4.5000     2.5000     2.3900  0.100E-10  0.200E-10   0.00       0.00       1.00       1.00    
     0.2800     4.5000     2.5000     2.3900  0.100E-10  0.200E-10   0.00       0.00       1.00       1.00    
     0.2900     4.5000     2.5000     2.3900  0.100E-10  0.200E-10   0.00       0.00       1.00       1.00    
     0.0000     4.5000     2.5000     2.3900  0.100E-10  0.200E-10   0.00       0.00       1.00       1.00    
